\BOOKMARK [1][-]{section*.2}{\376\377\000P\000r\000e\000s\000e\000n\000t\000a\000c\000i\000\363\000n\000\040\000d\000e\000l\000\040\000c\000u\000r\000s\000o\000:\000\040\000E\000c\000u\000a\000c\000i\000o\000n\000e\000s\000\040\000E\000s\000t\000r\000u\000c\000t\000u\000r\000a\000l\000e\000s\000\040\000\050\000S\000E\000M\000\051\000\040\000y\000\040\000m\000e\000d\000i\000c\000i\000\363\000n\000\040\000s\000o\000c\000i\000a\000l}{}% 1
\BOOKMARK [1][-]{section*.3}{\376\377\000C\000a\000r\000a\000c\000t\000e\000r\000\355\000s\000t\000i\000c\000a\000s\000\040\000d\000e\000\040\000l\000a\000s\000\040\000s\000e\000s\000i\000o\000n\000e\000s}{}% 2
\BOOKMARK [2][-]{section*.4}{\376\377\000G\000i\000t\000h\000u\000b}{section*.3}% 3
\BOOKMARK [2][-]{section*.5}{\376\377\000L\000u\000g\000a\000r\000\040\000y\000\040\000h\000o\000r\000a}{section*.3}% 4
\BOOKMARK [2][-]{section*.6}{\376\377\000E\000v\000a\000l\000u\000a\000c\000i\000\363\000n}{section*.3}% 5
\BOOKMARK [1][-]{section*.7}{\376\377\000C\000l\000a\000s\000e\000\040\0001\000\040\000\050\0000\0007\000/\0000\0008\000/\0002\0000\0001\0009\000\051\000\040\000`\000`\000P\000r\000e\000s\000e\000n\000t\000a\000c\000i\000\363\000n\000,\000\040\000d\000e\000s\000c\000r\000i\000p\000c\000i\000\363\000n\000\040\000y\000\040\000r\000e\000l\000e\000v\000a\000n\000c\000i\000a\000\040\000d\000e\000l\000\040\000c\000u\000r\000s\000o\000'\000'}{}% 6
\BOOKMARK [2][-]{section*.8}{\376\377\000O\000b\000j\000e\000t\000i\000v\000o}{section*.7}% 7
\BOOKMARK [2][-]{section*.9}{\376\377\000D\000i\000n\000\341\000m\000i\000c\000a}{section*.7}% 8
\BOOKMARK [2][-]{section*.10}{\376\377\000L\000e\000c\000t\000u\000r\000a\000s\000\040\000p\000a\000r\000a\000\040\000l\000a\000\040\000s\000i\000g\000u\000i\000e\000n\000t\000e\000\040\000s\000e\000s\000i\000\363\000n}{section*.7}% 9
\BOOKMARK [1][-]{section*.11}{\376\377\000C\000l\000a\000s\000e\000\040\0002\000\040\000\050\0001\0004\000/\0000\0008\000/\0002\0000\0001\0009\000\051\000\040\000`\000`\000O\000b\000s\000e\000r\000v\000a\000c\000i\000\363\000n\000,\000\040\000m\000e\000d\000i\000c\000i\000\363\000n\000\040\000y\000\040\000e\000r\000r\000o\000r\000'\000'}{}% 10
\BOOKMARK [2][-]{section*.12}{\376\377\000O\000b\000j\000e\000t\000i\000v\000o}{section*.11}% 11
\BOOKMARK [2][-]{section*.13}{\376\377\000D\000i\000n\000\341\000m\000i\000c\000a}{section*.11}% 12
\BOOKMARK [2][-]{section*.14}{\376\377\000L\000e\000c\000t\000u\000r\000a\000s\000\040\000p\000a\000r\000a\000\040\000e\000s\000t\000a\000\040\000s\000e\000s\000i\000\363\000n}{section*.11}% 13
\BOOKMARK [2][-]{section*.15}{\376\377\000L\000e\000c\000t\000u\000r\000a\000s\000\040\000p\000a\000r\000a\000\040\000s\000i\000g\000u\000i\000e\000n\000t\000e\000\040\000s\000e\000s\000i\000\363\000n}{section*.11}% 14
\BOOKMARK [1][-]{section*.16}{\376\377\000C\000l\000a\000s\000e\000\040\0003\000\040\000\050\0002\0001\000/\0000\0008\000/\0002\0000\0001\0009\000\051\000\040\000`\000`\000N\000o\000c\000i\000o\000n\000e\000s\000\040\000b\000\341\000s\000i\000c\000a\000s\000\040\000d\000e\000\040\000m\000e\000d\000i\000c\000i\000\363\000n\000.\000\040\000T\000e\000o\000r\000\355\000a\000\040\000d\000e\000\040\000l\000a\000\040\000m\000e\000d\000i\000d\000a\000:\000\040\000V\000a\000r\000i\000a\000b\000l\000e\000s\000\040\000l\000a\000t\000e\000n\000t\000e\000s\000\040\000y\000\040\000e\000c\000u\000a\000c\000i\000o\000n\000e\000s\000\040\000e\000s\000t\000r\000u\000c\000t\000u\000r\000a\000l\000e\000s\000'\000'}{}% 15
\BOOKMARK [2][-]{section*.17}{\376\377\000O\000b\000j\000e\000t\000i\000v\000o}{section*.16}% 16
\BOOKMARK [2][-]{section*.18}{\376\377\000D\000i\000n\000\341\000m\000i\000c\000a}{section*.16}% 17
\BOOKMARK [2][-]{section*.19}{\376\377\000L\000e\000c\000t\000u\000r\000a\000s\000\040\000p\000a\000r\000a\000\040\000e\000s\000t\000a\000\040\000s\000e\000s\000i\000\363\000n}{section*.16}% 18
\BOOKMARK [2][-]{section*.20}{\376\377\000L\000e\000c\000t\000u\000r\000a\000s\000\040\000p\000a\000r\000a\000\040\000s\000i\000g\000u\000i\000e\000n\000t\000e\000\040\000s\000e\000s\000i\000\363\000n}{section*.16}% 19
\BOOKMARK [1][-]{section*.21}{\376\377\000C\000l\000a\000s\000e\000\040\0004\000\040\000\050\0002\0008\000/\0000\0008\000/\0002\0000\0001\0009\000\051\000\040\000`\000`\000P\000r\000i\000n\000c\000i\000p\000i\000o\000s\000,\000\040\000p\000r\000\341\000c\000t\000i\000c\000a\000s\000\040\000y\000\040\000e\000s\000t\000\341\000n\000d\000a\000r\000e\000s\000\040\000c\000i\000e\000n\000t\000\355\000f\000i\000c\000o\000s\000\040\000p\000a\000r\000a\000\040\000l\000a\000\040\000m\000e\000d\000i\000c\000i\000\363\000n\000'\000'}{}% 20
\BOOKMARK [2][-]{section*.22}{\376\377\000O\000b\000j\000e\000t\000i\000v\000o}{section*.21}% 21
\BOOKMARK [2][-]{section*.23}{\376\377\000D\000i\000n\000\341\000m\000i\000c\000a}{section*.21}% 22
\BOOKMARK [2][-]{section*.24}{\376\377\000L\000e\000c\000t\000u\000r\000a\000s\000\040\000p\000a\000r\000a\000\040\000e\000s\000t\000a\000\040\000s\000e\000s\000i\000\363\000n}{section*.21}% 23
\BOOKMARK [2][-]{section*.25}{\376\377\000L\000e\000c\000t\000u\000r\000a\000s\000\040\000p\000a\000r\000a\000\040\000s\000i\000g\000u\000i\000e\000n\000t\000e\000\040\000s\000e\000s\000i\000\363\000n}{section*.21}% 24
\BOOKMARK [1][-]{section*.26}{\376\377\000C\000l\000a\000s\000e\000\040\0005\000\040\000\050\0000\0004\000/\0000\0009\000/\0002\0000\0001\0009\000\051\000\040\000`\000`\000C\000o\000n\000f\000i\000a\000b\000i\000l\000i\000d\000a\000d\000:\000\040\000T\000e\000o\000r\000\355\000a\000\040\000d\000e\000l\000\040\000t\000e\000s\000t\000\040\000c\000l\000\341\000s\000i\000c\000o\000\040\000y\000\040\000e\000s\000t\000i\000m\000a\000d\000o\000r\000e\000s\000\040\000d\000e\000\040\000c\000o\000n\000f\000i\000a\000b\000i\000l\000i\000d\000a\000d\000'\000'}{}% 25
\BOOKMARK [2][-]{section*.27}{\376\377\000O\000b\000j\000e\000t\000i\000v\000o}{section*.26}% 26
\BOOKMARK [2][-]{section*.28}{\376\377\000D\000i\000n\000\341\000m\000i\000c\000a}{section*.26}% 27
\BOOKMARK [2][-]{section*.29}{\376\377\000L\000e\000c\000t\000u\000r\000a\000s\000\040\000p\000a\000r\000a\000\040\000e\000s\000t\000a\000\040\000s\000e\000s\000i\000\363\000n}{section*.26}% 28
\BOOKMARK [2][-]{section*.30}{\376\377\000L\000e\000c\000t\000u\000r\000a\000s\000\040\000p\000a\000r\000a\000\040\000s\000i\000g\000u\000i\000e\000n\000t\000e\000\040\000s\000e\000s\000i\000\363\000n}{section*.26}% 29
\BOOKMARK [1][-]{section*.31}{\376\377\000C\000l\000a\000s\000e\000\040\0006\000\040\000\050\0001\0001\000/\0000\0009\000/\0002\0000\0001\0009\000\051\000\040\000`\000`\000C\000o\000n\000f\000i\000a\000b\000i\000l\000i\000d\000a\000d\000:\000\040\000T\000e\000o\000r\000\355\000a\000\040\000d\000e\000\040\000v\000a\000r\000i\000a\000b\000l\000e\000s\000\040\000l\000a\000t\000e\000n\000t\000e\000s\000\040\000y\000\040\000e\000c\000u\000a\000c\000i\000o\000n\000e\000s\000\040\000e\000s\000t\000r\000u\000c\000t\000u\000r\000a\000l\000e\000s\000'\000'}{}% 30
\BOOKMARK [1][-]{section*.32}{\376\377\000C\000l\000a\000s\000e\000\040\0007\000\040\000\050\0001\0008\000/\0000\0009\000/\0002\0000\0001\0009\000\051\000\040\000`\000`\000C\000o\000n\000f\000i\000a\000b\000i\000l\000i\000d\000a\000d\000:\000\040\000P\000r\000\341\000c\000t\000i\000c\000a\000.\000\040\000E\000s\000t\000a\000d\000\355\000s\000t\000i\000c\000o\000s\000\040\000c\000l\000\341\000s\000i\000c\000o\000s\000\040\000y\000\040\000m\000o\000d\000e\000r\000n\000o\000s\000\040\000d\000e\000\040\000c\000o\000n\000f\000i\000a\000b\000i\000l\000i\000d\000a\000d\000'\000'}{}% 31
\BOOKMARK [1][-]{section*.33}{\376\377\000C\000l\000a\000s\000e\000\040\0008\000\040\000\050\0002\0005\000/\0000\0009\000/\0002\0000\0001\0009\000\051\000\040\000`\000`\000C\000o\000n\000f\000i\000a\000b\000i\000l\000i\000d\000a\000d\000:\000\040\000P\000r\000\341\000c\000t\000i\000c\000a\000\040\000c\000o\000n\000\040\000d\000a\000t\000o\000s\000\040\000r\000e\000a\000l\000e\000s\000'\000'}{}% 32
\BOOKMARK [1][-]{section*.34}{\376\377\000C\000l\000a\000s\000e\000\040\0009\000\040\000\050\0000\0002\000/\0001\0000\000/\0002\0000\0001\0009\000\051\000\040\000`\000`\000E\000j\000e\000r\000c\000i\000c\000i\000o\000\040\0001\000:\000\040\000A\000n\000\341\000l\000i\000s\000i\000s\000\040\000d\000e\000\040\000c\000o\000n\000f\000i\000a\000b\000i\000l\000i\000d\000a\000d\000'\000'}{}% 33
\BOOKMARK [1][-]{section*.35}{\376\377\000C\000l\000a\000s\000e\000\040\0001\0000\000\040\000\050\0000\0009\000/\0001\0000\000/\0002\0000\0001\0009\000\051\000\040\000`\000`\000V\000a\000l\000i\000d\000e\000z\000:\000\040\000T\000e\000o\000r\000\355\000a\000\040\000-\000\040\000T\000i\000p\000o\000s\000\040\000d\000e\000\040\000v\000a\000l\000i\000d\000e\000z\000'\000'}{}% 34
\BOOKMARK [1][-]{section*.36}{\376\377\000C\000l\000a\000s\000e\000\040\0001\0001\000\040\000\050\0001\0006\000/\0001\0000\000/\0002\0000\0001\0009\000\051\000\040\000`\000`\000V\000a\000l\000i\000d\000e\000z\000\040\000d\000e\000\040\000c\000o\000n\000s\000t\000r\000u\000c\000t\000o\000\040\000y\000\040\000c\000r\000i\000t\000e\000r\000i\000o\000\040\000e\000n\000\040\000e\000l\000\040\000m\000a\000r\000c\000o\000\040\000d\000e\000\040\000e\000c\000u\000a\000c\000i\000o\000n\000e\000s\000\040\000e\000s\000t\000r\000u\000c\000t\000u\000r\000a\000l\000e\000s\000'\000'}{}% 35
\BOOKMARK [1][-]{section*.37}{\376\377\000C\000l\000a\000s\000e\000\040\0001\0002\000\040\000\050\0002\0003\000/\0001\0000\000/\0002\0000\0001\0009\000\051\000\040\000`\000`\000V\000a\000l\000i\000d\000e\000z\000:\000\040\000P\000r\000\341\000c\000t\000i\000c\000a\000.\000\040\000A\000n\000\341\000l\000i\000s\000i\000s\000\040\000d\000e\000\040\000c\000o\000n\000s\000t\000r\000u\000c\000t\000o\000\040\000y\000\040\000c\000r\000i\000t\000e\000r\000i\000o\000'\000'}{}% 36
\BOOKMARK [1][-]{section*.38}{\376\377\000C\000l\000a\000s\000e\000\040\0001\0003\000\040\000\050\0003\0000\000/\0001\0000\000/\0002\0000\0001\0009\000\051\000\040\000`\000`\000V\000a\000l\000i\000d\000e\000z\000:\000\040\000P\000r\000\341\000c\000t\000i\000c\000a\000\040\000c\000o\000n\000\040\000d\000a\000t\000o\000s\000\040\000r\000e\000a\000l\000e\000s\000'\000'}{}% 37
\BOOKMARK [1][-]{section*.39}{\376\377\000C\000l\000a\000s\000e\000\040\0001\0004\000\040\000\050\0000\0006\000/\0001\0001\000/\0002\0000\0001\0009\000\051\000\040\000`\000`\000E\000j\000e\000r\000c\000i\000c\000i\000o\000\040\0002\000:\000\040\000A\000n\000\341\000l\000i\000s\000i\000s\000\040\000d\000e\000\040\000v\000a\000l\000i\000d\000e\000z\000'\000'}{}% 38
\BOOKMARK [1][-]{section*.40}{\376\377\000C\000l\000a\000s\000e\000\040\0001\0005\000\040\000\050\0001\0003\000/\0001\0001\000/\0002\0000\0001\0009\000\051\000\040\000`\000`\000M\000e\000d\000i\000c\000i\000\363\000n\000\040\000i\000n\000v\000a\000r\000i\000a\000n\000t\000e\000:\000\040\000C\000o\000m\000p\000a\000r\000a\000b\000i\000l\000i\000d\000a\000d\000\040\000d\000e\000\040\000m\000e\000d\000i\000d\000a\000s\000\040\000e\000n\000\040\000e\000l\000\040\000t\000i\000e\000m\000p\000o\000\040\000y\000\040\000g\000r\000u\000p\000o\000s\000'\000'}{}% 39
\BOOKMARK [1][-]{section*.41}{\376\377\000C\000l\000a\000s\000e\000\040\0001\0006\000\040\000\050\0002\0000\000/\0001\0001\000/\0002\0000\0001\0009\000\051\000\040\000`\000`\000M\000e\000d\000i\000c\000i\000\363\000n\000\040\000i\000n\000v\000a\000r\000i\000a\000n\000t\000e\000:\000\040\000P\000r\000\341\000c\000t\000i\000c\000a\000'\000'}{}% 40
\BOOKMARK [1][-]{section*.42}{\376\377\000C\000l\000a\000s\000e\000\040\0001\0007\000\040\000\050\0002\0007\000/\0001\0001\000/\0002\0000\0001\0009\000\051\000\040\000`\000`\000P\000l\000a\000n\000t\000e\000a\000m\000i\000e\000n\000t\000o\000\040\000d\000e\000l\000\040\000e\000j\000e\000r\000c\000i\000c\000i\000o\000\040\000f\000i\000n\000a\000l\000'\000'}{}% 41
\BOOKMARK [1][-]{section*.43}{\376\377\000C\000l\000a\000s\000e\000\040\0001\0008\000\040\000\050\0000\0004\000/\0001\0002\000/\0002\0000\0001\0009\000\051\000\040\000`\000`\000R\000e\000v\000i\000s\000i\000\363\000n\000\040\000d\000e\000l\000\040\000e\000j\000e\000r\000c\000i\000c\000i\000o\000\040\000f\000i\000n\000a\000l\000'\000'}{}% 42
\BOOKMARK [1][-]{section*.44}{\376\377\000R\000e\000f\000e\000r\000e\000n\000c\000e\000s}{}% 43
